2024-11-25 11:51:21,479 [Worker-2: Loading available Gradle versions] INFO  o.e.b.c.i.u.g.PublishedGradleVersions - Gradle version information cache is up-to-date. Trying to read.
2024-11-25 11:57:11,184 [ModalContext] INFO  o.e.m.c.i.e.AbstractTransferListenerAdapter - Downloading https://repo.maven.apache.org/maven2/com/indoqa/quickstart/quickstart-boot-archetype/0.15.0/quickstart-boot-archetype-0.15.0.pom
2024-11-25 11:57:11,223 [ModalContext] INFO  o.e.m.c.i.e.AbstractTransferListenerAdapter - Downloaded https://repo.maven.apache.org/maven2/com/indoqa/quickstart/quickstart-boot-archetype/0.15.0/quickstart-boot-archetype-0.15.0.pom
2024-11-25 11:57:11,398 [ModalContext] INFO  o.e.m.c.i.e.AbstractTransferListenerAdapter - Downloading https://repo.maven.apache.org/maven2/com/indoqa/indoqa-oss-parent/6/indoqa-oss-parent-6.pom
2024-11-25 11:57:11,411 [ModalContext] INFO  o.e.m.c.i.e.AbstractTransferListenerAdapter - Downloaded https://repo.maven.apache.org/maven2/com/indoqa/indoqa-oss-parent/6/indoqa-oss-parent-6.pom
2024-11-25 11:57:11,719 [ModalContext] INFO  o.e.m.c.i.e.AbstractTransferListenerAdapter - Downloading https://repo.maven.apache.org/maven2/com/indoqa/quickstart/quickstart-boot-archetype/0.15.0/quickstart-boot-archetype-0.15.0.jar
2024-11-25 11:57:11,748 [ModalContext] INFO  o.e.m.c.i.e.AbstractTransferListenerAdapter - Downloaded https://repo.maven.apache.org/maven2/com/indoqa/quickstart/quickstart-boot-archetype/0.15.0/quickstart-boot-archetype-0.15.0.jar
2024-11-25 11:58:07,538 [ModalContext] INFO  o.e.m.c.i.e.AbstractTransferListenerAdapter - Downloading https://repo.maven.apache.org/maven2/am/ik/archetype/mvc-1.0-blank-archetype/1.0.0-m02/mvc-1.0-blank-archetype-1.0.0-m02.pom
2024-11-25 11:58:07,546 [ModalContext] INFO  o.e.m.c.i.e.AbstractTransferListenerAdapter - Downloaded https://repo.maven.apache.org/maven2/am/ik/archetype/mvc-1.0-blank-archetype/1.0.0-m02/mvc-1.0-blank-archetype-1.0.0-m02.pom
2024-11-25 11:58:07,577 [ModalContext] INFO  o.e.m.c.i.e.AbstractTransferListenerAdapter - Downloading https://repo.maven.apache.org/maven2/am/ik/archetype/mvc-1.0-blank-archetype/1.0.0-m02/mvc-1.0-blank-archetype-1.0.0-m02.jar
2024-11-25 11:58:07,587 [ModalContext] INFO  o.e.m.c.i.e.AbstractTransferListenerAdapter - Downloaded https://repo.maven.apache.org/maven2/am/ik/archetype/mvc-1.0-blank-archetype/1.0.0-m02/mvc-1.0-blank-archetype-1.0.0-m02.jar
2024-11-25 11:58:12,035 [Worker-2: Launching mavenrun-f8934ed4-2400-46d2-9310-826b54f7f833] INFO  o.eclipse.m2e.core.internal.Bundles - getClasspathEntries(Bundle=org.eclipse.m2e.maven.runtime_3.9.700.20240602-2313 [297])
2024-11-25 11:58:12,040 [Worker-2: Launching mavenrun-f8934ed4-2400-46d2-9310-826b54f7f833] INFO  o.eclipse.m2e.core.internal.Bundles - 	Entry: C:\Users\nakau\.p2\pool\plugins\org.eclipse.m2e.maven.runtime_3.9.700.20240602-2313
2024-11-25 11:58:12,040 [Worker-2: Launching mavenrun-f8934ed4-2400-46d2-9310-826b54f7f833] INFO  o.eclipse.m2e.core.internal.Bundles - 	Entry: C:\Users\nakau\.p2\pool\plugins\org.eclipse.m2e.maven.runtime_3.9.700.20240602-2313\jars\aopalliance-1.0.jar
2024-11-25 11:58:12,040 [Worker-2: Launching mavenrun-f8934ed4-2400-46d2-9310-826b54f7f833] INFO  o.eclipse.m2e.core.internal.Bundles - 	Entry: C:\Users\nakau\.p2\pool\plugins\org.eclipse.m2e.maven.runtime_3.9.700.20240602-2313\jars\guice-5.1.0.jar
2024-11-25 11:58:12,041 [Worker-2: Launching mavenrun-f8934ed4-2400-46d2-9310-826b54f7f833] INFO  o.eclipse.m2e.core.internal.Bundles - 	Entry: C:\Users\nakau\.p2\pool\plugins\org.eclipse.m2e.maven.runtime_3.9.700.20240602-2313\jars\httpclient-4.5.14.jar
2024-11-25 11:58:12,041 [Worker-2: Launching mavenrun-f8934ed4-2400-46d2-9310-826b54f7f833] INFO  o.eclipse.m2e.core.internal.Bundles - 	Entry: C:\Users\nakau\.p2\pool\plugins\org.eclipse.m2e.maven.runtime_3.9.700.20240602-2313\jars\httpcore-4.4.16.jar
2024-11-25 11:58:12,041 [Worker-2: Launching mavenrun-f8934ed4-2400-46d2-9310-826b54f7f833] INFO  o.eclipse.m2e.core.internal.Bundles - 	Entry: C:\Users\nakau\.p2\pool\plugins\org.eclipse.m2e.maven.runtime_3.9.700.20240602-2313\jars\jansi-2.4.1.jar
2024-11-25 11:58:12,041 [Worker-2: Launching mavenrun-f8934ed4-2400-46d2-9310-826b54f7f833] INFO  o.eclipse.m2e.core.internal.Bundles - 	Entry: C:\Users\nakau\.p2\pool\plugins\org.eclipse.m2e.maven.runtime_3.9.700.20240602-2313\jars\jcl-over-slf4j-1.7.36.jar
2024-11-25 11:58:12,042 [Worker-2: Launching mavenrun-f8934ed4-2400-46d2-9310-826b54f7f833] INFO  o.eclipse.m2e.core.internal.Bundles - 	Entry: C:\Users\nakau\.p2\pool\plugins\org.eclipse.m2e.maven.runtime_3.9.700.20240602-2313\jars\maven-artifact-3.9.7.jar
2024-11-25 11:58:12,042 [Worker-2: Launching mavenrun-f8934ed4-2400-46d2-9310-826b54f7f833] INFO  o.eclipse.m2e.core.internal.Bundles - 	Entry: C:\Users\nakau\.p2\pool\plugins\org.eclipse.m2e.maven.runtime_3.9.700.20240602-2313\jars\maven-builder-support-3.9.7.jar
2024-11-25 11:58:12,042 [Worker-2: Launching mavenrun-f8934ed4-2400-46d2-9310-826b54f7f833] INFO  o.eclipse.m2e.core.internal.Bundles - 	Entry: C:\Users\nakau\.p2\pool\plugins\org.eclipse.m2e.maven.runtime_3.9.700.20240602-2313\jars\maven-compat-3.9.7.jar
2024-11-25 11:58:12,042 [Worker-2: Launching mavenrun-f8934ed4-2400-46d2-9310-826b54f7f833] INFO  o.eclipse.m2e.core.internal.Bundles - 	Entry: C:\Users\nakau\.p2\pool\plugins\org.eclipse.m2e.maven.runtime_3.9.700.20240602-2313\jars\maven-core-3.9.7.jar
2024-11-25 11:58:12,042 [Worker-2: Launching mavenrun-f8934ed4-2400-46d2-9310-826b54f7f833] INFO  o.eclipse.m2e.core.internal.Bundles - 	Entry: C:\Users\nakau\.p2\pool\plugins\org.eclipse.m2e.maven.runtime_3.9.700.20240602-2313\jars\maven-embedder-3.9.7.jar
2024-11-25 11:58:12,042 [Worker-2: Launching mavenrun-f8934ed4-2400-46d2-9310-826b54f7f833] INFO  o.eclipse.m2e.core.internal.Bundles - 	Entry: C:\Users\nakau\.p2\pool\plugins\org.eclipse.m2e.maven.runtime_3.9.700.20240602-2313\jars\maven-model-3.9.7.jar
2024-11-25 11:58:12,042 [Worker-2: Launching mavenrun-f8934ed4-2400-46d2-9310-826b54f7f833] INFO  o.eclipse.m2e.core.internal.Bundles - 	Entry: C:\Users\nakau\.p2\pool\plugins\org.eclipse.m2e.maven.runtime_3.9.700.20240602-2313\jars\maven-model-builder-3.9.7.jar
2024-11-25 11:58:12,043 [Worker-2: Launching mavenrun-f8934ed4-2400-46d2-9310-826b54f7f833] INFO  o.eclipse.m2e.core.internal.Bundles - 	Entry: C:\Users\nakau\.p2\pool\plugins\org.eclipse.m2e.maven.runtime_3.9.700.20240602-2313\jars\maven-plugin-api-3.9.7.jar
2024-11-25 11:58:12,043 [Worker-2: Launching mavenrun-f8934ed4-2400-46d2-9310-826b54f7f833] INFO  o.eclipse.m2e.core.internal.Bundles - 	Entry: C:\Users\nakau\.p2\pool\plugins\org.eclipse.m2e.maven.runtime_3.9.700.20240602-2313\jars\maven-repository-metadata-3.9.7.jar
2024-11-25 11:58:12,043 [Worker-2: Launching mavenrun-f8934ed4-2400-46d2-9310-826b54f7f833] INFO  o.eclipse.m2e.core.internal.Bundles - 	Entry: C:\Users\nakau\.p2\pool\plugins\org.eclipse.m2e.maven.runtime_3.9.700.20240602-2313\jars\maven-resolver-api-1.9.20.jar
2024-11-25 11:58:12,043 [Worker-2: Launching mavenrun-f8934ed4-2400-46d2-9310-826b54f7f833] INFO  o.eclipse.m2e.core.internal.Bundles - 	Entry: C:\Users\nakau\.p2\pool\plugins\org.eclipse.m2e.maven.runtime_3.9.700.20240602-2313\jars\maven-resolver-connector-basic-1.9.20.jar
2024-11-25 11:58:12,043 [Worker-2: Launching mavenrun-f8934ed4-2400-46d2-9310-826b54f7f833] INFO  o.eclipse.m2e.core.internal.Bundles - 	Entry: C:\Users\nakau\.p2\pool\plugins\org.eclipse.m2e.maven.runtime_3.9.700.20240602-2313\jars\maven-resolver-impl-1.9.20.jar
2024-11-25 11:58:12,043 [Worker-2: Launching mavenrun-f8934ed4-2400-46d2-9310-826b54f7f833] INFO  o.eclipse.m2e.core.internal.Bundles - 	Entry: C:\Users\nakau\.p2\pool\plugins\org.eclipse.m2e.maven.runtime_3.9.700.20240602-2313\jars\maven-resolver-named-locks-1.9.20.jar
2024-11-25 11:58:12,043 [Worker-2: Launching mavenrun-f8934ed4-2400-46d2-9310-826b54f7f833] INFO  o.eclipse.m2e.core.internal.Bundles - 	Entry: C:\Users\nakau\.p2\pool\plugins\org.eclipse.m2e.maven.runtime_3.9.700.20240602-2313\jars\maven-resolver-provider-3.9.7.jar
2024-11-25 11:58:12,044 [Worker-2: Launching mavenrun-f8934ed4-2400-46d2-9310-826b54f7f833] INFO  o.eclipse.m2e.core.internal.Bundles - 	Entry: C:\Users\nakau\.p2\pool\plugins\org.eclipse.m2e.maven.runtime_3.9.700.20240602-2313\jars\maven-resolver-spi-1.9.20.jar
2024-11-25 11:58:12,044 [Worker-2: Launching mavenrun-f8934ed4-2400-46d2-9310-826b54f7f833] INFO  o.eclipse.m2e.core.internal.Bundles - 	Entry: C:\Users\nakau\.p2\pool\plugins\org.eclipse.m2e.maven.runtime_3.9.700.20240602-2313\jars\maven-resolver-transport-file-1.9.20.jar
2024-11-25 11:58:12,044 [Worker-2: Launching mavenrun-f8934ed4-2400-46d2-9310-826b54f7f833] INFO  o.eclipse.m2e.core.internal.Bundles - 	Entry: C:\Users\nakau\.p2\pool\plugins\org.eclipse.m2e.maven.runtime_3.9.700.20240602-2313\jars\maven-resolver-transport-http-1.9.20.jar
2024-11-25 11:58:12,044 [Worker-2: Launching mavenrun-f8934ed4-2400-46d2-9310-826b54f7f833] INFO  o.eclipse.m2e.core.internal.Bundles - 	Entry: C:\Users\nakau\.p2\pool\plugins\org.eclipse.m2e.maven.runtime_3.9.700.20240602-2313\jars\maven-resolver-transport-wagon-1.9.20.jar
2024-11-25 11:58:12,044 [Worker-2: Launching mavenrun-f8934ed4-2400-46d2-9310-826b54f7f833] INFO  o.eclipse.m2e.core.internal.Bundles - 	Entry: C:\Users\nakau\.p2\pool\plugins\org.eclipse.m2e.maven.runtime_3.9.700.20240602-2313\jars\maven-resolver-util-1.9.20.jar
2024-11-25 11:58:12,045 [Worker-2: Launching mavenrun-f8934ed4-2400-46d2-9310-826b54f7f833] INFO  o.eclipse.m2e.core.internal.Bundles - 	Entry: C:\Users\nakau\.p2\pool\plugins\org.eclipse.m2e.maven.runtime_3.9.700.20240602-2313\jars\maven-settings-3.9.7.jar
2024-11-25 11:58:12,045 [Worker-2: Launching mavenrun-f8934ed4-2400-46d2-9310-826b54f7f833] INFO  o.eclipse.m2e.core.internal.Bundles - 	Entry: C:\Users\nakau\.p2\pool\plugins\org.eclipse.m2e.maven.runtime_3.9.700.20240602-2313\jars\maven-settings-builder-3.9.7.jar
2024-11-25 11:58:12,046 [Worker-2: Launching mavenrun-f8934ed4-2400-46d2-9310-826b54f7f833] INFO  o.eclipse.m2e.core.internal.Bundles - 	Entry: C:\Users\nakau\.p2\pool\plugins\org.eclipse.m2e.maven.runtime_3.9.700.20240602-2313\jars\maven-shared-utils-3.4.2.jar
2024-11-25 11:58:12,046 [Worker-2: Launching mavenrun-f8934ed4-2400-46d2-9310-826b54f7f833] INFO  o.eclipse.m2e.core.internal.Bundles - 	Entry: C:\Users\nakau\.p2\pool\plugins\org.eclipse.m2e.maven.runtime_3.9.700.20240602-2313\jars\org.eclipse.sisu.inject-0.9.0.M2.jar
2024-11-25 11:58:12,046 [Worker-2: Launching mavenrun-f8934ed4-2400-46d2-9310-826b54f7f833] INFO  o.eclipse.m2e.core.internal.Bundles - 	Entry: C:\Users\nakau\.p2\pool\plugins\org.eclipse.m2e.maven.runtime_3.9.700.20240602-2313\jars\org.eclipse.sisu.plexus-0.9.0.M2.jar
2024-11-25 11:58:12,046 [Worker-2: Launching mavenrun-f8934ed4-2400-46d2-9310-826b54f7f833] INFO  o.eclipse.m2e.core.internal.Bundles - 	Entry: C:\Users\nakau\.p2\pool\plugins\org.eclipse.m2e.maven.runtime_3.9.700.20240602-2313\jars\plexus-build-api-0.0.7.jar
2024-11-25 11:58:12,046 [Worker-2: Launching mavenrun-f8934ed4-2400-46d2-9310-826b54f7f833] INFO  o.eclipse.m2e.core.internal.Bundles - 	Entry: C:\Users\nakau\.p2\pool\plugins\org.eclipse.m2e.maven.runtime_3.9.700.20240602-2313\jars\plexus-build-api-1.2.0.jar
2024-11-25 11:58:12,046 [Worker-2: Launching mavenrun-f8934ed4-2400-46d2-9310-826b54f7f833] INFO  o.eclipse.m2e.core.internal.Bundles - 	Entry: C:\Users\nakau\.p2\pool\plugins\org.eclipse.m2e.maven.runtime_3.9.700.20240602-2313\jars\plexus-cipher-2.0.jar
2024-11-25 11:58:12,046 [Worker-2: Launching mavenrun-f8934ed4-2400-46d2-9310-826b54f7f833] INFO  o.eclipse.m2e.core.internal.Bundles - 	Entry: C:\Users\nakau\.p2\pool\plugins\org.eclipse.m2e.maven.runtime_3.9.700.20240602-2313\jars\plexus-classworlds-2.8.0.jar
2024-11-25 11:58:12,046 [Worker-2: Launching mavenrun-f8934ed4-2400-46d2-9310-826b54f7f833] INFO  o.eclipse.m2e.core.internal.Bundles - 	Entry: C:\Users\nakau\.p2\pool\plugins\org.eclipse.m2e.maven.runtime_3.9.700.20240602-2313\jars\plexus-component-annotations-2.1.0.jar
2024-11-25 11:58:12,047 [Worker-2: Launching mavenrun-f8934ed4-2400-46d2-9310-826b54f7f833] INFO  o.eclipse.m2e.core.internal.Bundles - 	Entry: C:\Users\nakau\.p2\pool\plugins\org.eclipse.m2e.maven.runtime_3.9.700.20240602-2313\jars\plexus-interpolation-1.27.jar
2024-11-25 11:58:12,047 [Worker-2: Launching mavenrun-f8934ed4-2400-46d2-9310-826b54f7f833] INFO  o.eclipse.m2e.core.internal.Bundles - 	Entry: C:\Users\nakau\.p2\pool\plugins\org.eclipse.m2e.maven.runtime_3.9.700.20240602-2313\jars\plexus-sec-dispatcher-2.0.jar
2024-11-25 11:58:12,047 [Worker-2: Launching mavenrun-f8934ed4-2400-46d2-9310-826b54f7f833] INFO  o.eclipse.m2e.core.internal.Bundles - 	Entry: C:\Users\nakau\.p2\pool\plugins\org.eclipse.m2e.maven.runtime_3.9.700.20240602-2313\jars\plexus-utils-3.5.1.jar
2024-11-25 11:58:12,047 [Worker-2: Launching mavenrun-f8934ed4-2400-46d2-9310-826b54f7f833] INFO  o.eclipse.m2e.core.internal.Bundles - 	Entry: C:\Users\nakau\.p2\pool\plugins\org.eclipse.m2e.maven.runtime_3.9.700.20240602-2313\jars\wagon-file-3.5.3.jar
2024-11-25 11:58:12,047 [Worker-2: Launching mavenrun-f8934ed4-2400-46d2-9310-826b54f7f833] INFO  o.eclipse.m2e.core.internal.Bundles - 	Entry: C:\Users\nakau\.p2\pool\plugins\org.eclipse.m2e.maven.runtime_3.9.700.20240602-2313\jars\wagon-http-3.5.3.jar
2024-11-25 11:58:12,047 [Worker-2: Launching mavenrun-f8934ed4-2400-46d2-9310-826b54f7f833] INFO  o.eclipse.m2e.core.internal.Bundles - 	Entry: C:\Users\nakau\.p2\pool\plugins\org.eclipse.m2e.maven.runtime_3.9.700.20240602-2313\jars\wagon-http-shared-3.5.3.jar
2024-11-25 11:58:12,047 [Worker-2: Launching mavenrun-f8934ed4-2400-46d2-9310-826b54f7f833] INFO  o.eclipse.m2e.core.internal.Bundles - 	Entry: C:\Users\nakau\.p2\pool\plugins\org.eclipse.m2e.maven.runtime_3.9.700.20240602-2313\jars\wagon-provider-api-3.5.3.jar
2024-11-25 11:58:12,050 [Worker-2: Launching mavenrun-f8934ed4-2400-46d2-9310-826b54f7f833] INFO  o.eclipse.m2e.core.internal.Bundles - getClasspathEntries(Bundle=com.google.guava_33.2.0.jre [10])
2024-11-25 11:58:12,051 [Worker-2: Launching mavenrun-f8934ed4-2400-46d2-9310-826b54f7f833] INFO  o.eclipse.m2e.core.internal.Bundles - 	Entry: C:\Users\nakau\.p2\pool\plugins\com.google.guava_33.2.0.jre.jar
2024-11-25 11:58:12,051 [Worker-2: Launching mavenrun-f8934ed4-2400-46d2-9310-826b54f7f833] INFO  o.eclipse.m2e.core.internal.Bundles - getClasspathEntries(Bundle=slf4j.api_2.0.13 [518])
2024-11-25 11:58:12,052 [Worker-2: Launching mavenrun-f8934ed4-2400-46d2-9310-826b54f7f833] INFO  o.eclipse.m2e.core.internal.Bundles - 	Entry: C:\Users\nakau\.p2\pool\plugins\slf4j.api_2.0.13.jar
2024-11-25 11:58:12,052 [Worker-2: Launching mavenrun-f8934ed4-2400-46d2-9310-826b54f7f833] INFO  o.eclipse.m2e.core.internal.Bundles - getClasspathEntries(Bundle=jakarta.inject.jakarta.inject-api_1.0.5 [21])
2024-11-25 11:58:12,052 [Worker-2: Launching mavenrun-f8934ed4-2400-46d2-9310-826b54f7f833] INFO  o.eclipse.m2e.core.internal.Bundles - 	Entry: C:\Users\nakau\.p2\pool\plugins\jakarta.inject.jakarta.inject-api_1.0.5.jar
2024-11-25 11:58:12,052 [Worker-2: Launching mavenrun-f8934ed4-2400-46d2-9310-826b54f7f833] INFO  o.eclipse.m2e.core.internal.Bundles - getClasspathEntries(Bundle=javax.annotation_1.3.5.v20200909-1856 [24])
2024-11-25 11:58:12,053 [Worker-2: Launching mavenrun-f8934ed4-2400-46d2-9310-826b54f7f833] INFO  o.eclipse.m2e.core.internal.Bundles - 	Entry: C:\Users\nakau\.p2\pool\plugins\javax.annotation_1.3.5.v20200909-1856.jar
2024-11-25 11:58:12,053 [Worker-2: Launching mavenrun-f8934ed4-2400-46d2-9310-826b54f7f833] INFO  o.eclipse.m2e.core.internal.Bundles - getClasspathEntries(Bundle=org.apache.commons.cli_1.8.0 [47])
2024-11-25 11:58:12,053 [Worker-2: Launching mavenrun-f8934ed4-2400-46d2-9310-826b54f7f833] INFO  o.eclipse.m2e.core.internal.Bundles - 	Entry: C:\Users\nakau\.p2\pool\plugins\org.apache.commons.cli_1.8.0.jar
2024-11-25 11:58:12,053 [Worker-2: Launching mavenrun-f8934ed4-2400-46d2-9310-826b54f7f833] INFO  o.eclipse.m2e.core.internal.Bundles - getClasspathEntries(Bundle=org.apache.commons.commons-codec_1.16.0 [48])
2024-11-25 11:58:12,054 [Worker-2: Launching mavenrun-f8934ed4-2400-46d2-9310-826b54f7f833] INFO  o.eclipse.m2e.core.internal.Bundles - 	Entry: C:\Users\nakau\.p2\pool\plugins\org.apache.commons.commons-codec_1.16.0.jar
2024-11-25 11:58:12,054 [Worker-2: Launching mavenrun-f8934ed4-2400-46d2-9310-826b54f7f833] INFO  o.eclipse.m2e.core.internal.Bundles - getClasspathEntries(Bundle=org.apache.commons.lang3_3.14.0 [54])
2024-11-25 11:58:12,054 [Worker-2: Launching mavenrun-f8934ed4-2400-46d2-9310-826b54f7f833] INFO  o.eclipse.m2e.core.internal.Bundles - 	Entry: C:\Users\nakau\.p2\pool\plugins\org.apache.commons.lang3_3.14.0.jar
2024-11-25 11:58:12,054 [Worker-2: Launching mavenrun-f8934ed4-2400-46d2-9310-826b54f7f833] INFO  o.eclipse.m2e.core.internal.Bundles - getClasspathEntries(Bundle=com.google.guava.failureaccess_1.0.2 [11])
2024-11-25 11:58:12,054 [Worker-2: Launching mavenrun-f8934ed4-2400-46d2-9310-826b54f7f833] INFO  o.eclipse.m2e.core.internal.Bundles - 	Entry: C:\Users\nakau\.p2\pool\plugins\com.google.guava.failureaccess_1.0.2.jar
2024-11-25 11:58:12,065 [Worker-2: Launching mavenrun-f8934ed4-2400-46d2-9310-826b54f7f833] INFO  o.e.m.i.launch.MavenLaunchDelegate - run build in "C:\Users\nakau\AppData\Local\Temp\m2e-archetypeGenerator14122032395200666672":
2024-11-25 11:58:12,069 [Worker-2: Launching mavenrun-f8934ed4-2400-46d2-9310-826b54f7f833] INFO  o.e.m.i.launch.MavenLaunchDelegate -  mvn  -DarchetypeGroupId=am.ik.archetype -DarchetypeArtifactId=mvc-1.0-blank-archetype -DarchetypeVersion=1.0.0-m02 -DgroupId=com.google.protobuf -DartifactId=protobuf-parent -Dversion=0.0.1-SNAPSHOT -Dpackage=com.google.protobuf.protobuf_parent -DoutputDirectory="C:\Users\nakau\OneDrive\Área de Trabalho\GS1" -Dstyle.color=always -U archetype:generate
2024-11-25 12:01:16,193 [Worker-4: Loading available Gradle versions] INFO  o.e.b.c.i.u.g.PublishedGradleVersions - Gradle version information cache is up-to-date. Trying to read.
2024-11-25 12:02:44,712 [Worker-4: Loading available Gradle versions] INFO  o.e.b.c.i.u.g.PublishedGradleVersions - Gradle version information cache is up-to-date. Trying to read.
2024-11-25 13:17:36,680 [Worker-7: Building] INFO  o.e.m.c.i.l.LifecycleMappingFactory - Using org.eclipse.m2e.jdt.JarLifecycleMapping lifecycle mapping for MavenProject: com.globalfiap:projetoestadio:0.0.1-SNAPSHOT @ C:\Users\nakau\Downloads\projetoestadio-final\projetoestadio\pom.xml.
2024-11-25 13:17:36,731 [Worker-7: Building] WARN  o.e.m.c.i.embedder.EclipseLogger - The artifact mysql:mysql-connector-java:jar:8.0.33 has been relocated to com.mysql:mysql-connector-j:jar:8.0.33: MySQL Connector/J artifacts moved to reverse-DNS compliant Maven 2+ coordinates.
2024-11-25 13:17:37,687 [Worker-7: Building] WARN  o.a.m.s.f.DefaultMavenResourcesFiltering - Using platform encoding (UTF-8 actually) to copy filtered resources, i.e. build is platform dependent!
2024-11-25 13:17:37,696 [Worker-7: Building] INFO  o.a.m.s.f.DefaultMavenResourcesFiltering - Copying 1 resource from src\main\resources to target\classes
2024-11-25 13:17:37,752 [Worker-7: Building] WARN  o.a.m.s.f.DefaultMavenResourcesFiltering - Using platform encoding (UTF-8 actually) to copy filtered resources, i.e. build is platform dependent!
2024-11-25 13:17:37,754 [Worker-7: Building] INFO  o.a.m.s.f.DefaultMavenResourcesFiltering - Copying 0 resource from src\test\resources to target\test-classes
2024-11-25 13:17:38,284 [Worker-15: Updating Maven Dependencies] INFO  o.e.m.c.i.l.LifecycleMappingFactory - Using org.eclipse.m2e.jdt.JarLifecycleMapping lifecycle mapping for MavenProject: com.globalfiap:projetoestadio:0.0.1-SNAPSHOT @ C:\Users\nakau\Downloads\projetoestadio-final\projetoestadio\pom.xml.
2024-11-25 13:17:38,300 [Worker-15: Updating Maven Dependencies] WARN  o.e.m.c.i.embedder.EclipseLogger - The artifact mysql:mysql-connector-java:jar:8.0.33 has been relocated to com.mysql:mysql-connector-j:jar:8.0.33: MySQL Connector/J artifacts moved to reverse-DNS compliant Maven 2+ coordinates.
2024-11-25 13:17:39,256 [Worker-18: Building] WARN  o.a.m.s.f.DefaultMavenResourcesFiltering - Using platform encoding (UTF-8 actually) to copy filtered resources, i.e. build is platform dependent!
2024-11-25 13:17:39,259 [Worker-18: Building] INFO  o.a.m.s.f.DefaultMavenResourcesFiltering - Copying 1 resource from src\main\resources to target\classes
2024-11-25 13:17:39,271 [Worker-18: Building] WARN  o.a.m.s.f.DefaultMavenResourcesFiltering - Using platform encoding (UTF-8 actually) to copy filtered resources, i.e. build is platform dependent!
2024-11-25 13:17:39,272 [Worker-18: Building] INFO  o.a.m.s.f.DefaultMavenResourcesFiltering - Copying 0 resource from src\test\resources to target\test-classes
2024-11-26 17:04:16,429 [Worker-0: Building] WARN  o.e.m.c.i.embedder.EclipseLogger - The artifact mysql:mysql-connector-java:jar:8.0.33 has been relocated to com.mysql:mysql-connector-j:jar:8.0.33: MySQL Connector/J artifacts moved to reverse-DNS compliant Maven 2+ coordinates.
2024-11-26 17:04:17,233 [Worker-0: Building] WARN  o.a.m.s.f.DefaultMavenResourcesFiltering - Using platform encoding (UTF-8 actually) to copy filtered resources, i.e. build is platform dependent!
2024-11-26 17:04:17,243 [Worker-0: Building] INFO  o.a.m.s.f.DefaultMavenResourcesFiltering - Copying 1 resource from src\main\resources to target\classes
2024-11-26 17:04:17,270 [Worker-0: Building] WARN  o.a.m.s.f.DefaultMavenResourcesFiltering - Using platform encoding (UTF-8 actually) to copy filtered resources, i.e. build is platform dependent!
2024-11-26 17:04:17,273 [Worker-0: Building] INFO  o.a.m.s.f.DefaultMavenResourcesFiltering - Copying 0 resource from src\test\resources to target\test-classes
2024-11-26 17:04:45,287 [Worker-16: Loading available Gradle versions] INFO  o.e.b.c.i.u.g.PublishedGradleVersions - Gradle version information cache is out-of-date. Trying to update.
2024-11-26 17:06:48,700 [Worker-1: Loading available Gradle versions] INFO  o.e.b.c.i.u.g.PublishedGradleVersions - Gradle version information cache is up-to-date. Trying to read.
